{"meta": {"format": 3, "version": "7.13.4", "timestamp": "2026-03-05T21:37:34.689918", "branch_coverage": false, "show_contexts": false}, "files": {"p2p_engine/protocol/messages.py": {"executed_lines": [11, 16, 37, 38, 40, 41, 43, 44, 46, 47, 49, 50, 51, 53, 56, 76, 77, 79, 80, 81, 83, 84, 85, 88, 91, 92, 94, 97, 100, 105, 106, 111, 130, 133, 135, 138, 158, 161, 162, 165, 168, 170, 173, 188, 191, 195, 198, 200, 205, 220, 221, 223, 224, 227, 228, 229, 230, 231, 233, 236, 246, 249, 259], "summary": {"covered_lines": 63, "num_statements": 65, "percent_covered": 96.92307692307692, "percent_covered_display": "97", "missing_lines": 2, "excluded_lines": 0, "percent_statements_covered": 96.92307692307692, "percent_statements_covered_display": "97"}, "missing_lines": [98, 192], "excluded_lines": [], "functions": {"encode_varint": {"executed_lines": [37, 38, 40, 41, 43, 44, 46, 47, 49, 50, 51, 53], "summary": {"covered_lines": 12, "num_statements": 12, "percent_covered": 100.0, "percent_covered_display": "100", "missing_lines": 0, "excluded_lines": 0, "percent_statements_covered": 100.0, "percent_statements_covered_display": "100"}, "missing_lines": [], "excluded_lines": [], "start_line": 16}, "decode_varint": {"executed_lines": [76, 77, 79, 80, 81, 83, 84, 85, 88, 91, 92, 94, 97, 100], "summary": {"covered_lines": 14, "num_statements": 15, "percent_covered": 93.33333333333333, "percent_covered_display": "93", "missing_lines": 1, "excluded_lines": 0, "percent_statements_covered": 93.33333333333333, "percent_statements_covered_display": "93"}, "missing_lines": [98], "excluded_lines": [], "start_line": 56}, "encode_message": {"executed_lines": [130, 133, 135], "summary": {"covered_lines": 3, "num_statements": 3, "percent_covered": 100.0, "percent_covered_display": "100", "missing_lines": 0, "excluded_lines": 0, "percent_statements_covered": 100.0, "percent_statements_covered_display": "100"}, "missing_lines": [], "excluded_lines": [], "start_line": 111}, "decode_message": {"executed_lines": [158, 161, 162, 165, 168, 170], "summary": {"covered_lines": 6, "num_statements": 6, "percent_covered": 100.0, "percent_covered_display": "100", "missing_lines": 0, "excluded_lines": 0, "percent_statements_covered": 100.0, "percent_statements_covered_display": "100"}, "missing_lines": [], "excluded_lines": [], "start_line": 138}, "decode_message_with_offset": {"executed_lines": [188, 191, 195, 198, 200], "summary": {"covered_lines": 5, "num_statements": 6, "percent_covered": 83.33333333333333, "percent_covered_display": "83", "missing_lines": 1, "excluded_lines": 0, "percent_statements_covered": 83.33333333333333, "percent_statements_covered_display": "83"}, "missing_lines": [192], "excluded_lines": [], "start_line": 173}, "is_valid_protocol_id": {"executed_lines": [220, 221, 223, 224, 227, 228, 229, 230, 231, 233], "summary": {"covered_lines": 10, "num_statements": 10, "percent_covered": 100.0, "percent_covered_display": "100", "missing_lines": 0, "excluded_lines": 0, "percent_statements_covered": 100.0, "percent_statements_covered_display": "100"}, "missing_lines": [], "excluded_lines": [], "start_line": 205}, "is_multistream_protocol": {"executed_lines": [246], "summary": {"covered_lines": 1, "num_statements": 1, "percent_covered": 100.0, "percent_covered_display": "100", "missing_lines": 0, "excluded_lines": 0, "percent_statements_covered": 100.0, "percent_statements_covered_display": "100"}, "missing_lines": [], "excluded_lines": [], "start_line": 236}, "is_na_response": {"executed_lines": [259], "summary": {"covered_lines": 1, "num_statements": 1, "percent_covered": 100.0, "percent_covered_display": "100", "missing_lines": 0, "excluded_lines": 0, "percent_statements_covered": 100.0, "percent_statements_covered_display": "100"}, "missing_lines": [], "excluded_lines": [], "start_line": 249}, "": {"executed_lines": [11, 16, 56, 105, 106, 111, 138, 173, 205, 236, 249], "summary": {"covered_lines": 11, "num_statements": 11, "percent_covered": 100.0, "percent_covered_display": "100", "missing_lines": 0, "excluded_lines": 0, "percent_statements_covered": 100.0, "percent_statements_covered_display": "100"}, "missing_lines": [], "excluded_lines": [], "start_line": 1}}, "classes": {"": {"executed_lines": [11, 16, 37, 38, 40, 41, 43, 44, 46, 47, 49, 50, 51, 53, 56, 76, 77, 79, 80, 81, 83, 84, 85, 88, 91, 92, 94, 97, 100, 105, 106, 111, 130, 133, 135, 138, 158, 161, 162, 165, 168, 170, 173, 188, 191, 195, 198, 200, 205, 220, 221, 223, 224, 227, 228, 229, 230, 231, 233, 236, 246, 249, 259], "summary": {"covered_lines": 63, "num_statements": 65, "percent_covered": 96.92307692307692, "percent_covered_display": "97", "missing_lines": 2, "excluded_lines": 0, "percent_statements_covered": 96.92307692307692, "percent_statements_covered_display": "97"}, "missing_lines": [98, 192], "excluded_lines": [], "start_line": 1}}}, "p2p_engine/protocol/negotiator.py": {"executed_lines": [12, 13, 14, 15, 17, 28, 33, 36, 37, 38, 41, 44, 49, 52, 53, 54, 55, 60, 68, 69, 70, 72, 74, 75, 78, 80, 81, 83, 87, 93, 94, 101, 102, 104, 105, 106, 107, 110, 123, 135, 136, 138, 157, 161, 162, 165, 167, 169, 170, 173, 174, 175, 177, 178, 184, 187, 188, 189, 191, 193, 194, 196, 205, 207, 208, 209, 211, 212, 219, 224, 225, 230, 250, 254, 256, 258, 261, 264, 267, 268, 269, 271, 278, 281, 283, 284, 286, 289, 294, 296, 297, 300, 303, 312, 333, 336, 338, 339, 340, 342, 350, 351, 354, 356, 357, 358, 360, 362, 363, 364, 366, 367, 379, 381, 382, 387, 389, 390, 391, 393, 394, 395, 396], "summary": {"covered_lines": 123, "num_statements": 161, "percent_covered": 76.3975155279503, "percent_covered_display": "76", "missing_lines": 38, "excluded_lines": 0, "percent_statements_covered": 76.3975155279503, "percent_statements_covered_display": "76"}, "missing_lines": [45, 46, 76, 85, 89, 90, 91, 96, 158, 163, 199, 200, 202, 203, 215, 216, 251, 272, 290, 291, 301, 306, 307, 309, 310, 343, 368, 370, 371, 372, 373, 374, 375, 377, 383, 384, 385, 392], "excluded_lines": [], "functions": {"NegotiationError.__init__": {"executed_lines": [37, 38], "summary": {"covered_lines": 2, "num_statements": 2, "percent_covered": 100.0, "percent_covered_display": "100", "missing_lines": 0, "excluded_lines": 0, "percent_statements_covered": 100.0, "percent_statements_covered_display": "100"}, "missing_lines": [], "excluded_lines": [], "start_line": 36}, "ProtocolNotSupportedError.__init__": {"executed_lines": [], "summary": {"covered_lines": 0, "num_statements": 2, "percent_covered": 0.0, "percent_covered_display": "0", "missing_lines": 2, "excluded_lines": 0, "percent_statements_covered": 0.0, "percent_statements_covered_display": "0"}, "missing_lines": [45, 46], "excluded_lines": [], "start_line": 44}, "HandshakeError.__init__": {"executed_lines": [53, 54, 55], "summary": {"covered_lines": 3, "num_statements": 3, "percent_covered": 100.0, "percent_covered_display": "100", "missing_lines": 0, "excluded_lines": 0, "percent_statements_covered": 100.0, "percent_statements_covered_display": "100"}, "missing_lines": [], "excluded_lines": [], "start_line": 52}, "StreamReaderWriter.__init__": {"executed_lines": [69, 70], "summary": {"covered_lines": 2, "num_statements": 2, "percent_covered": 100.0, "percent_covered_display": "100", "missing_lines": 0, "excluded_lines": 0, "percent_statements_covered": 100.0, "percent_statements_covered_display": "100"}, "missing_lines": [], "excluded_lines": [], "start_line": 68}, "StreamReaderWriter.read": {"executed_lines": [74, 75], "summary": {"covered_lines": 2, "num_statements": 3, "percent_covered": 66.66666666666667, "percent_covered_display": "67", "missing_lines": 1, "excluded_lines": 0, "percent_statements_covered": 66.66666666666667, "percent_statements_covered_display": "67"}, "missing_lines": [76], "excluded_lines": [], "start_line": 72}, "StreamReaderWriter.write": {"executed_lines": [80, 81], "summary": {"covered_lines": 2, "num_statements": 2, "percent_covered": 100.0, "percent_covered_display": "100", "missing_lines": 0, "excluded_lines": 0, "percent_statements_covered": 100.0, "percent_statements_covered_display": "100"}, "missing_lines": [], "excluded_lines": [], "start_line": 78}, "StreamReaderWriter.close": {"executed_lines": [], "summary": {"covered_lines": 0, "num_statements": 1, "percent_covered": 0.0, "percent_covered_display": "0", "missing_lines": 1, "excluded_lines": 0, "percent_statements_covered": 0.0, "percent_statements_covered_display": "0"}, "missing_lines": [85], "excluded_lines": [], "start_line": 83}, "StreamReaderWriter.closed": {"executed_lines": [], "summary": {"covered_lines": 0, "num_statements": 3, "percent_covered": 0.0, "percent_covered_display": "0", "missing_lines": 3, "excluded_lines": 0, "percent_statements_covered": 0.0, "percent_statements_covered_display": "0"}, "missing_lines": [89, 90, 91], "excluded_lines": [], "start_line": 87}, "StreamReaderWriter.from_stream": {"executed_lines": [], "summary": {"covered_lines": 0, "num_statements": 1, "percent_covered": 0.0, "percent_covered_display": "0", "missing_lines": 1, "excluded_lines": 0, "percent_statements_covered": 0.0, "percent_statements_covered_display": "0"}, "missing_lines": [96], "excluded_lines": [], "start_line": 94}, "ProtocolNegotiator.__init__": {"executed_lines": [135, 136], "summary": {"covered_lines": 2, "num_statements": 2, "percent_covered": 100.0, "percent_covered_display": "100", "missing_lines": 0, "excluded_lines": 0, "percent_statements_covered": 100.0, "percent_statements_covered_display": "100"}, "missing_lines": [], "excluded_lines": [], "start_line": 123}, "ProtocolNegotiator.negotiate": {"executed_lines": [157, 161, 162, 165, 167, 169, 170, 173, 174, 175, 177, 178, 184, 187, 188, 189, 191, 193, 194, 196, 205, 207, 208, 209, 211, 212, 219, 224, 225], "summary": {"covered_lines": 29, "num_statements": 37, "percent_covered": 78.37837837837837, "percent_covered_display": "78", "missing_lines": 8, "excluded_lines": 0, "percent_statements_covered": 78.37837837837837, "percent_statements_covered_display": "78"}, "missing_lines": [158, 163, 199, 200, 202, 203, 215, 216], "excluded_lines": [], "start_line": 138}, "ProtocolNegotiator.handle_negotiate": {"executed_lines": [250, 254, 256, 258, 261, 264, 267, 268, 269, 271, 278, 281, 283, 284, 286, 289, 294, 296, 297, 300, 303], "summary": {"covered_lines": 21, "num_statements": 30, "percent_covered": 70.0, "percent_covered_display": "70", "missing_lines": 9, "excluded_lines": 0, "percent_statements_covered": 70.0, "percent_statements_covered_display": "70"}, "missing_lines": [251, 272, 290, 291, 301, 306, 307, 309, 310], "excluded_lines": [], "start_line": 230}, "ProtocolNegotiator.full_negotiate": {"executed_lines": [333, 336, 338, 339, 340, 342, 350, 351, 354, 356, 357, 358, 360, 362, 363, 364, 366, 367], "summary": {"covered_lines": 18, "num_statements": 27, "percent_covered": 66.66666666666667, "percent_covered_display": "67", "missing_lines": 9, "excluded_lines": 0, "percent_statements_covered": 66.66666666666667, "percent_statements_covered_display": "67"}, "missing_lines": [343, 368, 370, 371, 372, 373, 374, 375, 377], "excluded_lines": [], "start_line": 312}, "ProtocolNegotiator._send_with_timeout": {"executed_lines": [381, 382], "summary": {"covered_lines": 2, "num_statements": 5, "percent_covered": 40.0, "percent_covered_display": "40", "missing_lines": 3, "excluded_lines": 0, "percent_statements_covered": 40.0, "percent_statements_covered_display": "40"}, "missing_lines": [383, 384, 385], "excluded_lines": [], "start_line": 379}, "ProtocolNegotiator._recv_with_timeout": {"executed_lines": [389, 390, 391, 393, 394, 395, 396], "summary": {"covered_lines": 7, "num_statements": 8, "percent_covered": 87.5, "percent_covered_display": "88", "missing_lines": 1, "excluded_lines": 0, "percent_statements_covered": 87.5, "percent_statements_covered_display": "88"}, "missing_lines": [392], "excluded_lines": [], "start_line": 387}, "": {"executed_lines": [12, 13, 14, 15, 17, 28, 33, 36, 41, 44, 49, 52, 60, 68, 72, 78, 83, 87, 93, 94, 101, 102, 104, 105, 106, 107, 110, 123, 138, 230, 312, 379, 387], "summary": {"covered_lines": 33, "num_statements": 33, "percent_covered": 100.0, "percent_covered_display": "100", "missing_lines": 0, "excluded_lines": 0, "percent_statements_covered": 100.0, "percent_statements_covered_display": "100"}, "missing_lines": [], "excluded_lines": [], "start_line": 1}}, "classes": {"NegotiationError": {"executed_lines": [37, 38], "summary": {"covered_lines": 2, "num_statements": 2, "percent_covered": 100.0, "percent_covered_display": "100", "missing_lines": 0, "excluded_lines": 0, "percent_statements_covered": 100.0, "percent_statements_covered_display": "100"}, "missing_lines": [], "excluded_lines": [], "start_line": 33}, "ProtocolNotSupportedError": {"executed_lines": [], "summary": {"covered_lines": 0, "num_statements": 2, "percent_covered": 0.0, "percent_covered_display": "0", "missing_lines": 2, "excluded_lines": 0, "percent_statements_covered": 0.0, "percent_statements_covered_display": "0"}, "missing_lines": [45, 46], "excluded_lines": [], "start_line": 41}, "HandshakeError": {"executed_lines": [53, 54, 55], "summary": {"covered_lines": 3, "num_statements": 3, "percent_covered": 100.0, "percent_covered_display": "100", "missing_lines": 0, "excluded_lines": 0, "percent_statements_covered": 100.0, "percent_statements_covered_display": "100"}, "missing_lines": [], "excluded_lines": [], "start_line": 49}, "StreamReaderWriter": {"executed_lines": [69, 70, 74, 75, 80, 81], "summary": {"covered_lines": 6, "num_statements": 12, "percent_covered": 50.0, "percent_covered_display": "50", "missing_lines": 6, "excluded_lines": 0, "percent_statements_covered": 50.0, "percent_statements_covered_display": "50"}, "missing_lines": [76, 85, 89, 90, 91, 96], "excluded_lines": [], "start_line": 60}, "NegotiationResult": {"executed_lines": [], "summary": {"covered_lines": 0, "num_statements": 0, "percent_covered": 100.0, "percent_covered_display": "100", "missing_lines": 0, "excluded_lines": 0, "percent_statements_covered": 100.0, "percent_statements_covered_display": "100"}, "missing_lines": [], "excluded_lines": [], "start_line": 102}, "ProtocolNegotiator": {"executed_lines": [135, 136, 157, 161, 162, 165, 167, 169, 170, 173, 174, 175, 177, 178, 184, 187, 188, 189, 191, 193, 194, 196, 205, 207, 208, 209, 211, 212, 219, 224, 225, 250, 254, 256, 258, 261, 264, 267, 268, 269, 271, 278, 281, 283, 284, 286, 289, 294, 296, 297, 300, 303, 333, 336, 338, 339, 340, 342, 350, 351, 354, 356, 357, 358, 360, 362, 363, 364, 366, 367, 381, 382, 389, 390, 391, 393, 394, 395, 396], "summary": {"covered_lines": 79, "num_statements": 109, "percent_covered": 72.4770642201835, "percent_covered_display": "72", "missing_lines": 30, "excluded_lines": 0, "percent_statements_covered": 72.4770642201835, "percent_statements_covered_display": "72"}, "missing_lines": [158, 163, 199, 200, 202, 203, 215, 216, 251, 272, 290, 291, 301, 306, 307, 309, 310, 343, 368, 370, 371, 372, 373, 374, 375, 377, 383, 384, 385, 392], "excluded_lines": [], "start_line": 110}, "": {"executed_lines": [12, 13, 14, 15, 17, 28, 33, 36, 41, 44, 49, 52, 60, 68, 72, 78, 83, 87, 93, 94, 101, 102, 104, 105, 106, 107, 110, 123, 138, 230, 312, 379, 387], "summary": {"covered_lines": 33, "num_statements": 33, "percent_covered": 100.0, "percent_covered_display": "100", "missing_lines": 0, "excluded_lines": 0, "percent_statements_covered": 100.0, "percent_statements_covered_display": "100"}, "missing_lines": [], "excluded_lines": [], "start_line": 1}}}}, "totals": {"covered_lines": 186, "num_statements": 226, "percent_covered": 82.30088495575221, "percent_covered_display": "82", "missing_lines": 40, "excluded_lines": 0, "percent_statements_covered": 82.30088495575221, "percent_statements_covered_display": "82"}}